0 info it worked if it ends with ok
1 verbose cli [ 'C:\\Program Files\\nodejs\\node.exe',
1 verbose cli   'C:\\Users\\Michelle\\AppData\\Roaming\\npm\\node_modules\\npm\\bin\\npm-cli.js',
1 verbose cli   'start' ]
2 info using npm@3.10.8
3 info using node@v4.6.0
4 verbose run-script [ 'prestart', 'start', 'poststart' ]
5 info lifecycle hackxx-2017@0.0.0~prestart: hackxx-2017@0.0.0
6 silly lifecycle hackxx-2017@0.0.0~prestart: no script for prestart, continuing
7 info lifecycle hackxx-2017@0.0.0~start: hackxx-2017@0.0.0
8 verbose lifecycle hackxx-2017@0.0.0~start: unsafe-perm in lifecycle true
9 verbose lifecycle hackxx-2017@0.0.0~start: PATH: C:\Users\Michelle\AppData\Roaming\npm\node_modules\npm\bin\node-gyp-bin;C:\Users\Michelle\Desktop\Hack\HackXX-2017\node_modules\.bin;C:\wamp64\bin\mysql\mysql5.7.11\bin;C:\Program Files\Java\jdk1.8.0_92;C:\ProgramData\Oracle\Java\javapath;C:\Program Files (x86)\Intel\iCLS Client\;C:\Program Files\Intel\iCLS Client\;C:\WINDOWS\system32;C:\WINDOWS;C:\WINDOWS\System32\Wbem;C:\WINDOWS\System32\WindowsPowerShell\v1.0\;C:\Program Files\Intel\Intel(R) Management Engine Components\DAL;C:\Program Files\Intel\Intel(R) Management Engine Components\IPT;C:\Program Files (x86)\Intel\Intel(R) Management Engine Components\DAL;C:\Program Files (x86)\Intel\Intel(R) Management Engine Components\IPT;C:\Program Files (x86)\QuickTime\QTSystem\;C:\Program Files\Java\jdk1.8.0_60\bin;C:\cygwin64\bin;C:\Users\Michelle\AppData\Local\Programs\Python\Python35-32;C:\Users\Michelle\AppData\Local\Programs\Python\Python35-32\Scripts;C:\Program Files\nodejs\;C:\Program Files\MATLAB\R2016b\runtime\win64;C:\Program Files\MATLAB\R2016b\bin;C:\Program Files (x86)\Skype\Phone\;C:\Users\Michelle\AppData\Local\atom\bin;C:\Users\Michelle\AppData\Local\Microsoft\WindowsApps;C:\Users\Michelle\AppData\Roaming\npm;C:\Program Files\Heroku\bin
10 verbose lifecycle hackxx-2017@0.0.0~start: CWD: C:\Users\Michelle\Desktop\Hack\HackXX-2017
11 silly lifecycle hackxx-2017@0.0.0~start: Args: [ '/d /s /c', 'node ./bin/www' ]
12 silly lifecycle hackxx-2017@0.0.0~start: Returned: code: 1  signal: null
13 info lifecycle hackxx-2017@0.0.0~start: Failed to exec start script
14 verbose stack Error: hackxx-2017@0.0.0 start: `node ./bin/www`
14 verbose stack Exit status 1
14 verbose stack     at EventEmitter.<anonymous> (C:\Users\Michelle\AppData\Roaming\npm\node_modules\npm\lib\utils\lifecycle.js:255:16)
14 verbose stack     at emitTwo (events.js:87:13)
14 verbose stack     at EventEmitter.emit (events.js:172:7)
14 verbose stack     at ChildProcess.<anonymous> (C:\Users\Michelle\AppData\Roaming\npm\node_modules\npm\lib\utils\spawn.js:40:14)
14 verbose stack     at emitTwo (events.js:87:13)
14 verbose stack     at ChildProcess.emit (events.js:172:7)
14 verbose stack     at maybeClose (internal/child_process.js:829:16)
14 verbose stack     at Process.ChildProcess._handle.onexit (internal/child_process.js:211:5)
15 verbose pkgid hackxx-2017@0.0.0
16 verbose cwd C:\Users\Michelle\Desktop\Hack\HackXX-2017
17 error Windows_NT 10.0.14393
18 error argv "C:\\Program Files\\nodejs\\node.exe" "C:\\Users\\Michelle\\AppData\\Roaming\\npm\\node_modules\\npm\\bin\\npm-cli.js" "start"
19 error node v4.6.0
20 error npm  v3.10.8
21 error code ELIFECYCLE
22 error hackxx-2017@0.0.0 start: `node ./bin/www`
22 error Exit status 1
23 error Failed at the hackxx-2017@0.0.0 start script 'node ./bin/www'.
23 error Make sure you have the latest version of node.js and npm installed.
23 error If you do, this is most likely a problem with the hackxx-2017 package,
23 error not with npm itself.
23 error Tell the author that this fails on your system:
23 error     node ./bin/www
23 error You can get information on how to open an issue for this project with:
23 error     npm bugs hackxx-2017
23 error Or if that isn't available, you can get their info via:
23 error     npm owner ls hackxx-2017
23 error There is likely additional logging output above.
24 verbose exit [ 1, true ]
